# JRE version: Java(TM) SE Runtime Environment (8.0_101-b13) (build 1.8.0_101-b13)
# Java VM: Java HotSpot(TM) 64-Bit Server VM (25.101-b13 mixed mode windows-amd64 compressed oops)
Heap:
 PSYoungGen      total 326144K, used 125421K [0x00000000eab00000, 0x00000000ffd00000, 0x0000000100000000)
  eden space 306176K, 38% used [0x00000000eab00000,0x00000000f1e79eb8,0x00000000fd600000)
  from space 19968K, 35% used [0x00000000fe980000,0x00000000ff081868,0x00000000ffd00000)
  to   space 19968K, 0% used [0x00000000fd600000,0x00000000fd600000,0x00000000fe980000)
 ParOldGen       total 88576K, used 50531K [0x00000000c0000000, 0x00000000c5680000, 0x00000000eab00000)
  object space 88576K, 57% used [0x00000000c0000000,0x00000000c3158ff8,0x00000000c5680000)
 Metaspace       used 65794K, capacity 68506K, committed 68776K, reserved 1107968K
  class space    used 8909K, capacity 9518K, committed 9640K, reserved 1048576K
GC Heap History (10 events):
Event: 20.002 GC heap before
{Heap before GC invocations=14 (full 2):
 PSYoungGen      total 200192K, used 18676K [0x00000000eab00000, 0x00000000fbe80000, 0x0000000100000000)
  eden space 185856K, 2% used [0x00000000eab00000,0x00000000eaf43f20,0x00000000f6080000)
  from space 14336K, 99% used [0x00000000f6080000,0x00000000f6e79410,0x00000000f6e80000)
  to   space 22016K, 0% used [0x00000000fa900000,0x00000000fa900000,0x00000000fbe80000)
 ParOldGen       total 49664K, used 36106K [0x00000000c0000000, 0x00000000c3080000, 0x00000000eab00000)
  object space 49664K, 72% used [0x00000000c0000000,0x00000000c2342b00,0x00000000c3080000)
 Metaspace       used 51696K, capacity 53658K, committed 53800K, reserved 1095680K
  class space    used 7264K, capacity 7710K, committed 7720K, reserved 1048576K
Event: 20.060 GC heap after
Heap after GC invocations=14 (full 2):
 PSYoungGen      total 260096K, used 477K [0x00000000eab00000, 0x00000000fbe80000, 0x0000000100000000)
  eden space 238080K, 0% used [0x00000000eab00000,0x00000000eab00000,0x00000000f9380000)
  from space 22016K, 2% used [0x00000000fa900000,0x00000000fa9775a8,0x00000000fbe80000)
  to   space 22016K, 0% used [0x00000000f9380000,0x00000000f9380000,0x00000000fa900000)
 ParOldGen       total 50688K, used 50280K [0x00000000c0000000, 0x00000000c3180000, 0x00000000eab00000)
  object space 50688K, 99% used [0x00000000c0000000,0x00000000c311a008,0x00000000c3180000)
 Metaspace       used 51696K, capacity 53658K, committed 53800K, reserved 1095680K
  class space    used 7264K, capacity 7710K, committed 7720K, reserved 1048576K
}
Event: 20.061 GC heap before
{Heap before GC invocations=15 (full 3):
 PSYoungGen      total 260096K, used 477K [0x00000000eab00000, 0x00000000fbe80000, 0x0000000100000000)
  eden space 238080K, 0% used [0x00000000eab00000,0x00000000eab00000,0x00000000f9380000)
  from space 22016K, 2% used [0x00000000fa900000,0x00000000fa9775a8,0x00000000fbe80000)
  to   space 22016K, 0% used [0x00000000f9380000,0x00000000f9380000,0x00000000fa900000)
 ParOldGen       total 50688K, used 50280K [0x00000000c0000000, 0x00000000c3180000, 0x00000000eab00000)
  object space 50688K, 99% used [0x00000000c0000000,0x00000000c311a008,0x00000000c3180000)
 Metaspace       used 51696K, capacity 53658K, committed 53800K, reserved 1095680K
  class space    used 7264K, capacity 7710K, committed 7720K, reserved 1048576K
Event: 20.366 GC heap after
Heap after GC invocations=15 (full 3):
 PSYoungGen      total 260096K, used 0K [0x00000000eab00000, 0x00000000fbe80000, 0x0000000100000000)
  eden space 238080K, 0% used [0x00000000eab00000,0x00000000eab00000,0x00000000f9380000)
  from space 22016K, 0% used [0x00000000fa900000,0x00000000fa900000,0x00000000fbe80000)
  to   space 22016K, 0% used [0x00000000f9380000,0x00000000f9380000,0x00000000fa900000)
 ParOldGen       total 50688K, used 40221K [0x00000000c0000000, 0x00000000c3180000, 0x00000000eab00000)
  object space 50688K, 79% used [0x00000000c0000000,0x00000000c2747648,0x00000000c3180000)
 Metaspace       used 51696K, capacity 53658K, committed 53800K, reserved 1095680K
  class space    used 7264K, capacity 7710K, committed 7720K, reserved 1048576K
}
Event: 324.026 GC heap before
{Heap before GC invocations=16 (full 4):
 PSYoungGen      total 260096K, used 238080K [0x00000000eab00000, 0x00000000fbe80000, 0x0000000100000000)
  eden space 238080K, 100% used [0x00000000eab00000,0x00000000f9380000,0x00000000f9380000)
  from space 22016K, 0% used [0x00000000fa900000,0x00000000fa900000,0x00000000fbe80000)
  to   space 22016K, 0% used [0x00000000f9380000,0x00000000f9380000,0x00000000fa900000)
 ParOldGen       total 50688K, used 40221K [0x00000000c0000000, 0x00000000c3180000, 0x00000000eab00000)
  object space 50688K, 79% used [0x00000000c0000000,0x00000000c2747648,0x00000000c3180000)
 Metaspace       used 56053K, capacity 58360K, committed 58536K, reserved 1099776K
  class space    used 7790K, capacity 8237K, committed 8360K, reserved 1048576K
Event: 324.980 GC heap after
Heap after GC invocations=16 (full 4):
 PSYoungGen      total 260096K, used 0K [0x00000000eab00000, 0x00000000fbe80000, 0x0000000100000000)
  eden space 238080K, 0% used [0x00000000eab00000,0x00000000eab00000,0x00000000f9380000)
  from space 22016K, 0% used [0x00000000fa900000,0x00000000fa900000,0x00000000fbe80000)
  to   space 22016K, 0% used [0x00000000f9380000,0x00000000f9380000,0x00000000fa900000)
 ParOldGen       total 88576K, used 46603K [0x00000000c0000000, 0x00000000c5680000, 0x00000000eab00000)
  object space 88576K, 52% used [0x00000000c0000000,0x00000000c2d82fc8,0x00000000c5680000)
 Metaspace       used 56051K, capacity 58354K, committed 58536K, reserved 1099776K
  class space    used 7790K, capacity 8236K, committed 8360K, reserved 1048576K
}
Event: 335.651 GC heap before
{Heap before GC invocations=17 (full 4):
 PSYoungGen      total 260096K, used 238080K [0x00000000eab00000, 0x00000000fbe80000, 0x0000000100000000)
  eden space 238080K, 100% used [0x00000000eab00000,0x00000000f9380000,0x00000000f9380000)
  from space 22016K, 0% used [0x00000000fa900000,0x00000000fa900000,0x00000000fbe80000)
  to   space 22016K, 0% used [0x00000000f9380000,0x00000000f9380000,0x00000000fa900000)
 ParOldGen       total 88576K, used 46603K [0x00000000c0000000, 0x00000000c5680000, 0x00000000eab00000)
  object space 88576K, 52% used [0x00000000c0000000,0x00000000c2d82fc8,0x00000000c5680000)
 Metaspace       used 58370K, capacity 60722K, committed 60840K, reserved 1101824K
  class space    used 8014K, capacity 8516K, committed 8616K, reserved 1048576K
Event: 335.731 GC heap after
Heap after GC invocations=17 (full 4):
 PSYoungGen      total 260096K, used 7896K [0x00000000eab00000, 0x00000000ffe00000, 0x0000000100000000)
  eden space 238080K, 0% used [0x00000000eab00000,0x00000000eab00000,0x00000000f9380000)
  from space 22016K, 35% used [0x00000000f9380000,0x00000000f9b36140,0x00000000fa900000)
  to   space 20992K, 0% used [0x00000000fe980000,0x00000000fe980000,0x00000000ffe00000)
 ParOldGen       total 88576K, used 46611K [0x00000000c0000000, 0x00000000c5680000, 0x00000000eab00000)
  object space 88576K, 52% used [0x00000000c0000000,0x00000000c2d84fc8,0x00000000c5680000)
 Metaspace       used 58370K, capacity 60722K, committed 60840K, reserved 1101824K
  class space    used 8014K, capacity 8516K, committed 8616K, reserved 1048576K
}
Event: 340.204 GC heap before
{Heap before GC invocations=18 (full 4):
 PSYoungGen      total 260096K, used 244977K [0x00000000eab00000, 0x00000000ffe00000, 0x0000000100000000)
  eden space 238080K, 99% used [0x00000000eab00000,0x00000000f9286660,0x00000000f9380000)
  from space 22016K, 35% used [0x00000000f9380000,0x00000000f9b36140,0x00000000fa900000)
  to   space 20992K, 0% used [0x00000000fe980000,0x00000000fe980000,0x00000000ffe00000)
 ParOldGen       total 88576K, used 46611K [0x00000000c0000000, 0x00000000c5680000, 0x00000000eab00000)
  object space 88576K, 52% used [0x00000000c0000000,0x00000000c2d84fc8,0x00000000c5680000)
 Metaspace       used 64692K, capacity 67292K, committed 67496K, reserved 1107968K
  class space    used 8782K, capacity 9337K, committed 9384K, reserved 1048576K
Event: 340.518 GC heap after
Heap after GC invocations=18 (full 4):
 PSYoungGen      total 326144K, used 7174K [0x00000000eab00000, 0x00000000ffd00000, 0x0000000100000000)
  eden space 306176K, 0% used [0x00000000eab00000,0x00000000eab00000,0x00000000fd600000)
  from space 19968K, 35% used [0x00000000fe980000,0x00000000ff081868,0x00000000ffd00000)
  to   space 19968K, 0% used [0x00000000fd600000,0x00000000fd600000,0x00000000fe980000)
 ParOldGen       total 88576K, used 50531K [0x00000000c0000000, 0x00000000c5680000, 0x00000000eab00000)
  object space 88576K, 57% used [0x00000000c0000000,0x00000000c3158ff8,0x00000000c5680000)
 Metaspace       used 64692K, capacity 67292K, committed 67496K, reserved 1107968K
  class space    used 8782K, capacity 9337K, committed 9384K, reserved 1048576K
}

